{"type":"session","timestamp":1778996673.8962982,"domain":"localhost","browser":"edge","duration_ms":11147,"outcome":"closed"}
{"type":"launch_time","timestamp":1778996673.8965435,"browser":"edge","seconds":11.15}
{"type":"session","timestamp":1778996695.5796385,"domain":"localhost","browser":"chrome","duration_ms":2794,"outcome":"closed"}
{"type":"launch_time","timestamp":1778996695.579947,"browser":"chrome","seconds":2.79}
{"type":"session","timestamp":1778996716.4008942,"domain":"localhost","browser":"chrome","duration_ms":8682,"outcome":"closed"}
{"type":"launch_time","timestamp":1778996716.4011474,"browser":"chrome","seconds":8.68}
{"type":"session","timestamp":1779015662.2412941,"domain":"localhost","browser":"chrome","duration_ms":24350,"outcome":"closed"}
{"type":"launch_time","timestamp":1779015662.2417028,"browser":"chrome","seconds":24.35}
{"type":"session","timestamp":1779015794.8574922,"domain":"localhost","browser":"chrome","duration_ms":6643,"outcome":"closed"}
{"type":"launch_time","timestamp":1779015794.8577168,"browser":"chrome","seconds":6.64}
{"type":"session","timestamp":1779015859.6180973,"domain":"localhost","browser":"chrome","duration_ms":36314,"outcome":"closed"}
{"type":"launch_time","timestamp":1779015859.6184855,"browser":"chrome","seconds":36.31}
{"type":"session","timestamp":1779016579.1913133,"domain":"localhost","browser":"chrome","duration_ms":5627,"outcome":"closed"}
{"type":"launch_time","timestamp":1779016579.1915965,"browser":"chrome","seconds":5.63}
{"type":"session","timestamp":1779016607.2584488,"domain":"localhost","browser":"chrome","duration_ms":23736,"outcome":"closed"}
{"type":"launch_time","timestamp":1779016607.258847,"browser":"chrome","seconds":23.74}
{"type":"session","timestamp":1779016618.5540981,"domain":"localhost","browser":"chrome","duration_ms":8176,"outcome":"closed"}
{"type":"launch_time","timestamp":1779016618.554417,"browser":"chrome","seconds":8.18}
{"type":"session","timestamp":1779016641.2320337,"domain":"localhost","browser":"chrome","duration_ms":20558,"outcome":"closed"}
{"type":"launch_time","timestamp":1779016641.2323542,"browser":"chrome","seconds":20.56}
{"type":"session","timestamp":1779016653.6961734,"domain":"localhost","browser":"chrome","duration_ms":8848,"outcome":"closed"}
{"type":"launch_time","timestamp":1779016653.6964493,"browser":"chrome","seconds":8.85}
{"type":"session","timestamp":1779017303.6492639,"domain":"localhost","browser":"chrome","duration_ms":7941,"outcome":"closed"}
{"type":"launch_time","timestamp":1779017303.6495433,"browser":"chrome","seconds":7.94}
{"type":"session","timestamp":1779017390.7882373,"domain":"localhost","browser":"chrome","duration_ms":83965,"outcome":"closed"}
{"type":"launch_time","timestamp":1779017390.7885327,"browser":"chrome","seconds":83.97}
{"type":"session","timestamp":1779017405.1667583,"domain":"localhost","browser":"chrome","duration_ms":7772,"outcome":"closed"}
{"type":"launch_time","timestamp":1779017405.1672635,"browser":"chrome","seconds":7.77}
{"type":"session","timestamp":1779017555.558925,"domain":"localhost","browser":"chrome","duration_ms":5194,"outcome":"closed"}
{"type":"launch_time","timestamp":1779017555.559219,"browser":"chrome","seconds":5.19}
{"type":"session","timestamp":1779017590.9755285,"domain":"localhost","browser":"chrome","duration_ms":42,"outcome":"closed"}
{"type":"launch_time","timestamp":1779017590.9757738,"browser":"chrome","seconds":0.04}
{"type":"session","timestamp":1779017598.3125358,"domain":"localhost","browser":"chrome","duration_ms":40182,"outcome":"closed"}
{"type":"launch_time","timestamp":1779017598.3131158,"browser":"chrome","seconds":40.18}
{"type":"session","timestamp":1779017611.4329119,"domain":"localhost","browser":"chrome","duration_ms":8446,"outcome":"closed"}
{"type":"launch_time","timestamp":1779017611.4332638,"browser":"chrome","seconds":8.45}
{"type":"session","timestamp":1779017649.668344,"domain":"localhost","browser":"chrome","duration_ms":41,"outcome":"closed"}
{"type":"launch_time","timestamp":1779017649.668684,"browser":"chrome","seconds":0.04}
{"type":"session","timestamp":1779017663.0695498,"domain":"localhost","browser":"chrome","duration_ms":31040,"outcome":"closed"}
{"type":"launch_time","timestamp":1779017663.069781,"browser":"chrome","seconds":31.04}
{"type":"session","timestamp":1779018506.7565944,"domain":"localhost","browser":"chrome","duration_ms":38010,"outcome":"closed"}
{"type":"launch_time","timestamp":1779018506.7571309,"browser":"chrome","seconds":38.33}
{"type":"session","timestamp":1779018529.6814587,"domain":"localhost","browser":"chrome","duration_ms":14818,"outcome":"closed"}
{"type":"launch_time","timestamp":1779018529.6817217,"browser":"chrome","seconds":14.91}
{"type":"session","timestamp":1779018539.222805,"domain":"localhost","browser":"chrome","duration_ms":6845,"outcome":"closed"}
{"type":"launch_time","timestamp":1779018539.2236493,"browser":"chrome","seconds":7.31}
{"type":"session","timestamp":1779018544.8316665,"domain":"localhost","browser":"chrome","duration_ms":1876,"outcome":"closed"}
{"type":"launch_time","timestamp":1779018544.832006,"browser":"chrome","seconds":2.23}
{"type":"session","timestamp":1779018549.3863804,"domain":"localhost","browser":"chrome","duration_ms":2244,"outcome":"closed"}
{"type":"launch_time","timestamp":1779018549.3865943,"browser":"chrome","seconds":2.73}
{"type":"session","timestamp":1779018554.0769668,"domain":"localhost","browser":"chrome","duration_ms":1536,"outcome":"closed"}
{"type":"launch_time","timestamp":1779018554.0772028,"browser":"chrome","seconds":2.02}
{"type":"session","timestamp":1779018586.6907606,"domain":"localhost","browser":"chrome","duration_ms":28588,"outcome":"closed"}
{"type":"launch_time","timestamp":1779018586.691396,"browser":"chrome","seconds":28.74}
{"type":"session","timestamp":1779018680.2155986,"domain":"localhost","browser":"chrome","duration_ms":9560,"outcome":"closed"}
{"type":"launch_time","timestamp":1779018680.2160275,"browser":"chrome","seconds":9.85}
{"type":"session","timestamp":1779018931.5846417,"domain":"localhost","browser":"chrome","duration_ms":27374,"outcome":"closed"}
{"type":"launch_time","timestamp":1779018931.5848706,"browser":"chrome","seconds":27.81}
{"type":"session","timestamp":1779018982.4638155,"domain":"localhost","browser":"chrome","duration_ms":46798,"outcome":"closed"}
{"type":"launch_time","timestamp":1779018982.4640424,"browser":"chrome","seconds":47.28}
{"type":"session","timestamp":1779019098.27028,"domain":"localhost","browser":"chrome","duration_ms":27010,"outcome":"closed"}
{"type":"launch_time","timestamp":1779019098.2706065,"browser":"chrome","seconds":27.03}
{"type":"session","timestamp":1779019393.2908525,"domain":"localhost","browser":"chrome","duration_ms":22571,"outcome":"closed"}
{"type":"launch_time","timestamp":1779019393.2911487,"browser":"chrome","seconds":22.78}
{"type":"session","timestamp":1779019509.1608899,"domain":"localhost","browser":"chrome","duration_ms":43536,"outcome":"closed"}
{"type":"launch_time","timestamp":1779019509.1615112,"browser":"chrome","seconds":43.87}
{"type":"session","timestamp":1779019612.5744977,"domain":"localhost","browser":"chrome","duration_ms":99453,"outcome":"closed"}
{"type":"launch_time","timestamp":1779019612.5748916,"browser":"chrome","seconds":99.75}
{"type":"session","timestamp":1779019866.062241,"domain":"localhost","browser":"chrome","duration_ms":25886,"outcome":"closed"}
{"type":"launch_time","timestamp":1779019866.0630448,"browser":"chrome","seconds":26.32}
{"type":"session","timestamp":1779019875.6800034,"domain":"localhost","browser":"chrome","duration_ms":5507,"outcome":"closed"}
{"type":"launch_time","timestamp":1779019875.6810215,"browser":"chrome","seconds":5.68}
{"type":"session","timestamp":1779019884.7448075,"domain":"localhost","browser":"chrome","duration_ms":5778,"outcome":"closed"}
{"type":"launch_time","timestamp":1779019884.7456315,"browser":"chrome","seconds":6.16}
{"type":"session","timestamp":1779020014.1937306,"domain":"localhost","browser":"chrome","duration_ms":9294,"outcome":"closed"}
{"type":"launch_time","timestamp":1779020014.1946578,"browser":"chrome","seconds":9.62}
{"type":"session","timestamp":1779020023.4076993,"domain":"localhost","browser":"chrome","duration_ms":6858,"outcome":"closed"}
{"type":"launch_time","timestamp":1779020023.4079363,"browser":"chrome","seconds":7.13}
{"type":"session","timestamp":1779020133.861238,"domain":"localhost","browser":"edge","duration_ms":3461,"outcome":"closed"}
{"type":"launch_time","timestamp":1779020133.861582,"browser":"edge","seconds":3.57}
{"type":"session","timestamp":1779020134.1628652,"domain":"localhost","browser":"edge","duration_ms":8642,"outcome":"closed"}
{"type":"launch_time","timestamp":1779020134.163139,"browser":"edge","seconds":9.12}
{"type":"session","timestamp":1779020139.2742865,"domain":"localhost","browser":"edge","duration_ms":2024,"outcome":"closed"}
{"type":"launch_time","timestamp":1779020139.274533,"browser":"edge","seconds":2.52}
{"type":"session","timestamp":1779020148.9470403,"domain":"localhost","browser":"chrome","duration_ms":1990,"outcome":"closed"}
{"type":"launch_time","timestamp":1779020148.9473195,"browser":"chrome","seconds":2.02}
{"type":"session","timestamp":1779020149.2789745,"domain":"localhost","browser":"edge","duration_ms":7892,"outcome":"closed"}
{"type":"launch_time","timestamp":1779020149.2793245,"browser":"edge","seconds":8.09}
{"type":"session","timestamp":1779020153.3470604,"domain":"localhost","browser":"chrome","duration_ms":1540,"outcome":"closed"}
{"type":"launch_time","timestamp":1779020153.3473632,"browser":"chrome","seconds":2.04}
{"type":"session","timestamp":1779020159.4447694,"domain":"localhost","browser":"brave","duration_ms":1980,"outcome":"closed"}
{"type":"launch_time","timestamp":1779020159.445067,"browser":"brave","seconds":2.02}
